-------------------------------------------------------------------------------
Test set: com.capstone.FMS.FeedbackManagementSystem.FeedbackManagementSystemApplicationTests
-------------------------------------------------------------------------------
Tests run: 1, Failures: 0, Errors: 1, Skipped: 0, Time elapsed: 3.985 s <<< FAILURE! - in com.capstone.FMS.FeedbackManagementSystem.FeedbackManagementSystemApplicationTests
contextLoads  Time elapsed: 1.326 s  <<< ERROR!
java.lang.IllegalStateException: Failed to load ApplicationContext
Caused by: java.lang.IllegalStateException: Error processing condition on org.springframework.boot.autoconfigure.data.r2dbc.R2dbcDataAutoConfiguration.r2dbcMappingContext
Caused by: java.lang.IllegalStateException: @ConditionalOnMissingBean did not specify a bean using type, name or annotation and the attempt to deduce the bean's type failed
Caused by: org.springframework.boot.autoconfigure.condition.OnBeanCondition$BeanTypeDeductionException: Failed to deduce bean type for org.springframework.boot.autoconfigure.data.r2dbc.R2dbcDataAutoConfiguration.r2dbcMappingContext
Caused by: java.lang.ClassNotFoundException: org.springframework.data.r2dbc.mapping.R2dbcMappingContext

